1591254237832	mozrunner::runner	INFO	Running command: "C:\\Program Files (x86)\\Mozilla Firefox\\firefox.exe" "-marionette" "-foreground" "-no-remote" "-profile" "C:\\Users\\iad7kor\\AppData\\Local\\Temp\\rust_mozprofilepe8gvp"
1591254239386	addons.webextension.screenshots@mozilla.org	WARN	Loading extension 'screenshots@mozilla.org': Reading manifest: Invalid extension permission: mozillaAddons
1591254239386	addons.webextension.screenshots@mozilla.org	WARN	Loading extension 'screenshots@mozilla.org': Reading manifest: Invalid extension permission: telemetry
1591254239387	addons.webextension.screenshots@mozilla.org	WARN	Loading extension 'screenshots@mozilla.org': Reading manifest: Invalid extension permission: resource://pdf.js/
1591254239387	addons.webextension.screenshots@mozilla.org	WARN	Loading extension 'screenshots@mozilla.org': Reading manifest: Invalid extension permission: about:reader*
JavaScript error: undefined, line 14: Error: An unexpected error occurred
JavaScript error: moz-extension://33c4d3cd-3b20-421e-9fbd-8bf9fd820784/lib/picture_in_picture_overrides.js, line 15: Error: Incorrect argument types for pictureInPictureParent.setOverrides.
JavaScript error: resource:///modules/sessionstore/SessionStore.jsm, line 1325: uncaught exception: 2147746065
1591254241754	Marionette	INFO	Listening on port 51453
1591254242184	Marionette	WARN	TLS certificate errors will be ignored for this session
[Child 19560, Chrome_ChildThread] WARNING: pipe error: 109: file z:/task_1588188481/build/src/ipc/chromium/src/chrome[/Cchild 7972o, Chrome_ChildThread] WARNING: pipe error: 109: file z:/task_1588188481/build/src/ipc/chromium/src/chrome/common/ipc_channel_win.cc, line 348
mmon/ipc_channe[Child 7972, Chrome_ChildThread] WARNING: pipe error: 109: file z:/task_1588188481/build/src/ipc/chromium/src/chrome/commlo_win.cc, line 3n/ipc_c48
hannel_win.cc, line[Child 19560, Chrome_ChildThread] WARNING: pipe error: 109: file z:/task_1588188481/build/src/ipc/chromium/src/chrome/common/ipc_channel_win.c[Parent 10024, Gecko_IOThread] WARNING: pipe error: 109: file z:/task_1588188481/build/src/ipc/chromium/src/chrome/common/ipc_channel_win.cc, line 348
[Child 9332, Chrome_ChildThread] WARNING: pipe error: 109: file z:/task_1588188481/build/src/ipc/chromium/src/chrome/common/ipc_channel_win.cc, line 348
[Child 9332, Chrome_ChildThread] 1591254247157	Marionette	INFO	Stopped listening on port 51453

###!!! [Child][RunMessage] Error: Channel closing: too late to send/recv, messages will be lost

[GPU 17672, Chrome_ChildT
###!!! [Child][MessageChannel::SendAndWait] Error: Channel error: cannot send/recv

1591254301397	mozrunner::runner	INFO	Running command: "C:\\Program Files (x86)\\Mozilla Firefox\\firefox.exe" "-marionette" "-foreground" "-no-remote" "-profile" "C:\\Users\\iad7kor\\AppData\\Local\\Temp\\rust_mozprofileqHYYA8"
1591254302695	addons.webextension.screenshots@mozilla.org	WARN	Loading extension 'screenshots@mozilla.org': Reading manifest: Invalid extension permission: mozillaAddons
1591254302695	addons.webextension.screenshots@mozilla.org	WARN	Loading extension 'screenshots@mozilla.org': Reading manifest: Invalid extension permission: telemetry
1591254302695	addons.webextension.screenshots@mozilla.org	WARN	Loading extension 'screenshots@mozilla.org': Reading manifest: Invalid extension permission: resource://pdf.js/
1591254302695	addons.webextension.screenshots@mozilla.org	WARN	Loading extension 'screenshots@mozilla.org': Reading manifest: Invalid extension permission: about:reader*
JavaScript error: undefined, line 14: Error: An unexpected error occurred
JavaScript error: moz-extension://ee7c9fc4-178e-441b-b7ec-826e85a75842/lib/picture_in_picture_overrides.js, line 15: Error: Incorrect argument types for pictureInPictureParent.setOverrides.
JavaScript error: resource:///modules/sessionstore/SessionStore.jsm, line 1325: uncaught exception: 2147746065
1591254304614	Marionette	INFO	Listening on port 51505
1591254304624	Marionette	WARN	TLS certificate errors will be ignored for this session
JavaScript warning: https://rb-smt.de.bosch.com/arsys/resources/javascript/9.1.07.001%20201905141710/moz/ClientCore.js, line 1482: unreachable code after return statement
JavaScript warning: https://rb-smt.de.bosch.com/arsys/resources/javascript/9.1.07.001%20201905141710/moz/ClientCore.js, line 34813: unreachable code after return statement
JavaScript warning: https://rb-smt.de.bosch.com/arsys/resources/javascript/9.1.07.001%20201905141710/moz/ClientCore.js, line 34860: unreachable code after return statement
IPDL protocol error: Handler returned error code!

###!!! [Parent][DispatchAsyncMessage] Error: PLayerTransaction::Msg_ReleaseLayer Processing error: message was deserialized, but the handler returned false (indicating failure)

IPDL protocol error: Handler returned error code!

###!!! [Parent][DispatchAsyncMessage] Error: PLayerTransaction::Msg_ReleaseLayer Processing error: message was deserialized, but the handler returned false (indicating failure)

IPDL protocol error: Handler returned error code!

###!!! [Parent][DispatchAsyncMessage] Error: PLayerTransaction::Msg_ReleaseLayer Processing error: message was deserialized, but the handler returned false (indicating failure)

IPDL protocol error: Handler returned error code!

###!!! [Parent][DispatchAsyncMessage] Error: PLayerTransaction::Msg_ReleaseLayer Processing error: message was deserialized, but the handler returned false (indicating failure)

IPDL protocol error: Handler returned error code!

###!!! [Parent][DispatchAsyncMessage] Error: PLayerTransaction::Msg_ReleaseLayer Processing error: message was deserialized, but the handler returned false (indicating failure)

console.warn: "Error while detaching the thread front: 'detach' request packet to 'server1.conn0.child1/context18' can't be sent as the connection is closed."
[Parent 17956, Gecko_IOThread] WARNING: pipe error: 109: file z:/task_1588188481/build/src/ipc/chromium/src/chrome/common/ipc_channel_win.cc, line 348
[Child 21144, Chrome_ChildThread] WARNING: pipe error: 109: file z:/task_1588188481/build/src/ipc/chromium[Child 20040, Chrome_ChildThread] WARNING: pipe error: 109:/ sfile z:/task_1588188481/build/src/ipc/chrrocm/icuhmr/ome/common/ipc_chsarc/chrome/common/ipnnel_winc_channel_win.c.cc,c, line  34l8
ine 348
[Child 20[040, Chrome_CChildThread] WARNING: pipe er[Parent 17956, Gecko_IOThread] WARNING: pipe error: 109: file z:/task_1588188481/build/src/ipc/chromium/src/chrome/common/ipc_channel_win.cc, line 348
[1591254435081	Marionette	INFO	Stopped listening on port 51505

###!!! [Child][RunMessage] Error: Channel closing: too late to send/recv, messages will be lost

[GPU 272, Chrome_ChildT
###!!! [Child][MessageChannel::SendAndWait] Error: Channel error: cannot send/recv

